<?xml version="1.0" encoding="UTF-8"?>
<!-- Generated by org.testng.reporters.JUnitXMLReporter -->
<testsuite ignored="7" hostname="MacBook-Pro-de-Jose.local" failures="0" tests="1" name="Default test" time="2.343" errors="0" timestamp="2022-03-15T23:11:05 CST">
  <testcase classname="books.SimpleBooks" name="showOrders" time="1.655"/>
  <testcase classname="books.SimpleBooks" name="limitBooks" time="0.0">
    <ignored/>
  </testcase> <!-- limitBooks -->
  <testcase classname="books.SimpleBooks" name="welcome" time="0.0">
    <ignored/>
  </testcase> <!-- welcome -->
  <testcase classname="books.SimpleBooks" name="authCreateOrder" time="0.0">
    <ignored/>
  </testcase> <!-- authCreateOrder -->
  <testcase classname="books.SimpleBooks" name="nonFictionBooks" time="0.0">
    <ignored/>
  </testcase> <!-- nonFictionBooks -->
  <testcase classname="books.SimpleBooks" name="registerAPIClient" time="0.0">
    <ignored/>
  </testcase> <!-- registerAPIClient -->
  <testcase classname="books.SimpleBooks" name="singleBook" time="0.0">
    <ignored/>
  </testcase> <!-- singleBook -->
  <testcase classname="books.SimpleBooks" name="fictionBooks" time="0.0">
    <ignored/>
  </testcase> <!-- fictionBooks -->
</testsuite> <!-- Default test -->
