<?xml version="1.0" encoding="UTF-8"?>
<testng-results ignored="7" total="8" passed="1" failed="0" skipped="0">
  <reporter-output>
  </reporter-output>
  <suite started-at="2022-03-15T23:10:58 CST" name="Default suite" finished-at="2022-03-15T23:11:00 CST" duration-ms="2343">
    <groups>
    </groups>
    <test started-at="2022-03-15T23:10:58 CST" name="Default test" finished-at="2022-03-15T23:11:00 CST" duration-ms="2343">
      <class name="books.SimpleBooks">
        <test-method is-config="true" signature="startTest()[pri:0, instance:books.SimpleBooks@63a12c68]" started-at="2022-03-15T23:10:58 CST" name="startTest" finished-at="2022-03-15T23:10:58 CST" duration-ms="657" status="PASS">
          <reporter-output>
          </reporter-output>
        </test-method> <!-- startTest -->
        <test-method signature="showOrders()[pri:0, instance:books.SimpleBooks@63a12c68]" started-at="2022-03-15T23:10:58 CST" name="showOrders" finished-at="2022-03-15T23:11:00 CST" duration-ms="1655" status="PASS">
          <reporter-output>
          </reporter-output>
        </test-method> <!-- showOrders -->
      </class> <!-- books.SimpleBooks -->
    </test> <!-- Default test -->
  </suite> <!-- Default suite -->
</testng-results>
